[0m[[0m[0mdebug[0m] [0m[0m> Exec(;Test/compile; collectAnalyses, None, Some(CommandSource(network-1)))[0m
[0m[[0m[0mdebug[0m] [0m[0munmatched Processing event for requestId None: None[0m
[0m[[0m[0mdebug[0m] [0m[0munmatched Done event for requestId None: None[0m
[0m[[0m[0mdebug[0m] [0m[0m> Exec(Test/compile, None, Some(CommandSource(network-1)))[0m
[0m[[0m[0mdebug[0m] [0m[0munmatched Processing event for requestId None: None[0m
[0m[[0m[0mdebug[0m] [0m[0mEvaluating tasks: Test / compile[0m
[0m[[0m[0mdebug[0m] [0m[0mRunning task... Cancel: bloop.integrations.sbt.Offloader$$anon$1@2739ecc0, check cycles: false, forcegc: true[0m
[0m[[0m[0mdebug[0m] [0m[0mjsonRpcNotify: JsonRpcNotificationMessage(2.0, build/taskStart, {"taskId":{"id":"5","parents":[]},"eventTime":1642010853098,"message":"Compiling try4scala","dataKind":"compile-task","data":{"target":{"uri":"file:/I:/try4Scala/#try4scala/Compile"}}})[0m
[0m[[0m[0minfo[0m] [0m[0mcompiling 1 Scala source to I:\try4Scala\target\scala-2.12\classes ...[0m
[0m[[0m[0mdebug[0m] [0m[0mjsonRpcNotify: JsonRpcNotificationMessage(2.0, build/logMessage, {"type":3,"message":"compiling 1 Scala source to I:\\try4Scala\\target\\scala-2.12\\classes ..."})[0m
[0m[[0m[0mdebug[0m] [0m[0mjsonRpcNotify: JsonRpcNotificationMessage(2.0, build/taskProgress, {"taskId":{"id":"5","parents":[]},"eventTime":1642010853412,"message":"Compiling try4scala (15%)","total":26,"progress":15,"dataKind":"compile-progress","data":{"target":{"uri":"file:/I:/try4Scala/#try4scala/Compile"}}})[0m
[0m[[0m[0mdebug[0m] [0m[0mjsonRpcNotify: JsonRpcNotificationMessage(2.0, build/taskProgress, {"taskId":{"id":"5","parents":[]},"eventTime":1642010853412,"message":"Compiling try4scala (15%)","total":26,"progress":15,"dataKind":"compile-progress","data":{"target":{"uri":"file:/I:/try4Scala/#try4scala/Compile"}}})[0m
[0m[[0m[0mdebug[0m] [0m[0mjsonRpcNotify: JsonRpcNotificationMessage(2.0, build/taskProgress, {"taskId":{"id":"5","parents":[]},"eventTime":1642010853415,"message":"Compiling try4scala (30%)","total":26,"progress":30,"dataKind":"compile-progress","data":{"target":{"uri":"file:/I:/try4Scala/#try4scala/Compile"}}})[0m
[0m[[0m[0mdebug[0m] [0m[0mjsonRpcNotify: JsonRpcNotificationMessage(2.0, build/taskProgress, {"taskId":{"id":"5","parents":[]},"eventTime":1642010853415,"message":"Compiling try4scala (30%)","total":26,"progress":30,"dataKind":"compile-progress","data":{"target":{"uri":"file:/I:/try4Scala/#try4scala/Compile"}}})[0m
[0m[[0m[0mdebug[0m] [0m[0mjsonRpcNotify: JsonRpcNotificationMessage(2.0, build/taskProgress, {"taskId":{"id":"5","parents":[]},"eventTime":1642010853433,"message":"Compiling try4scala (50%)","total":26,"progress":50,"dataKind":"compile-progress","data":{"target":{"uri":"file:/I:/try4Scala/#try4scala/Compile"}}})[0m
[0m[[0m[0mdebug[0m] [0m[0mjsonRpcNotify: JsonRpcNotificationMessage(2.0, build/taskProgress, {"taskId":{"id":"5","parents":[]},"eventTime":1642010853433,"message":"Compiling try4scala (50%)","total":26,"progress":50,"dataKind":"compile-progress","data":{"target":{"uri":"file:/I:/try4Scala/#try4scala/Compile"}}})[0m
[0m[[0m[0mdebug[0m] [0m[0mjsonRpcNotify: JsonRpcNotificationMessage(2.0, build/taskProgress, {"taskId":{"id":"5","parents":[]},"eventTime":1642010853485,"message":"Compiling try4scala (65%)","total":26,"progress":65,"dataKind":"compile-progress","data":{"target":{"uri":"file:/I:/try4Scala/#try4scala/Compile"}}})[0m
[0m[[0m[0mdebug[0m] [0m[0mjsonRpcNotify: JsonRpcNotificationMessage(2.0, build/taskProgress, {"taskId":{"id":"5","parents":[]},"eventTime":1642010853486,"message":"Compiling try4scala (65%)","total":26,"progress":65,"dataKind":"compile-progress","data":{"target":{"uri":"file:/I:/try4Scala/#try4scala/Compile"}}})[0m
[0m[[0m[0mdebug[0m] [0m[0mjsonRpcNotify: JsonRpcNotificationMessage(2.0, build/taskProgress, {"taskId":{"id":"5","parents":[]},"eventTime":1642010853488,"message":"Compiling try4scala (80%)","total":26,"progress":80,"dataKind":"compile-progress","data":{"target":{"uri":"file:/I:/try4Scala/#try4scala/Compile"}}})[0m
[0m[[0m[0mdebug[0m] [0m[0mjsonRpcNotify: JsonRpcNotificationMessage(2.0, build/taskProgress, {"taskId":{"id":"5","parents":[]},"eventTime":1642010853489,"message":"Compiling try4scala (80%)","total":26,"progress":80,"dataKind":"compile-progress","data":{"target":{"uri":"file:/I:/try4Scala/#try4scala/Compile"}}})[0m
[0m[[0m[0mdebug[0m] [0m[0mjsonRpcNotify: JsonRpcNotificationMessage(2.0, build/taskProgress, {"taskId":{"id":"5","parents":[]},"eventTime":1642010853504,"message":"Compiling try4scala (100%)","total":26,"progress":100,"dataKind":"compile-progress","data":{"target":{"uri":"file:/I:/try4Scala/#try4scala/Compile"}}})[0m
[0m[[0m[0mdebug[0m] [0m[0mjsonRpcNotify: JsonRpcNotificationMessage(2.0, build/taskProgress, {"taskId":{"id":"5","parents":[]},"eventTime":1642010853504,"message":"Compiling try4scala (100%)","total":26,"progress":100,"dataKind":"compile-progress","data":{"target":{"uri":"file:/I:/try4Scala/#try4scala/Compile"}}})[0m
[0m[[0m[0mdebug[0m] [0m[0mjsonRpcNotify: JsonRpcNotificationMessage(2.0, build/publishDiagnostics, {"textDocument":{"uri":"file:///I:/try4Scala/src/main/scala/HelloWorld.scala"},"buildTarget":{"uri":"file:/I:/try4Scala/#try4scala/Compile"},"diagnostics":[],"reset":true})[0m
[0m[[0m[0mdebug[0m] [0m[0mjsonRpcNotify: JsonRpcNotificationMessage(2.0, build/taskFinish, {"taskId":{"id":"5","parents":[]},"eventTime":1642010853511,"message":"Compiled try4scala","status":1,"dataKind":"compile-report","data":{"target":{"uri":"file:/I:/try4Scala/#try4scala/Compile"},"errors":0,"warnings":0,"time":413}})[0m
[0m[[0m[0mdebug[0m] [0m[0mjsonRpcNotify: JsonRpcNotificationMessage(2.0, build/taskStart, {"taskId":{"id":"6","parents":[]},"eventTime":1642010853532,"message":"Compiling try4scala-test","dataKind":"compile-task","data":{"target":{"uri":"file:/I:/try4Scala/#try4scala/Test"}}})[0m
[0m[[0m[0mdebug[0m] [0m[0mjsonRpcNotify: JsonRpcNotificationMessage(2.0, build/taskFinish, {"taskId":{"id":"6","parents":[]},"eventTime":1642010853578,"message":"Compiled try4scala-test","status":1,"dataKind":"compile-report","data":{"target":{"uri":"file:/I:/try4Scala/#try4scala/Test"},"errors":0,"warnings":0,"time":46}})[0m
[0m[[0m[32msuccess[0m] [0m[0mTotal time: 1 s, completed Jan 12, 2022, 12:07:33 PM[0m
[0m[[0m[0mdebug[0m] [0m[0munmatched Done event for requestId None: None[0m
[0m[[0m[0mdebug[0m] [0m[0m> Exec(collectAnalyses, None, Some(CommandSource(network-1)))[0m
[0m[[0m[0mdebug[0m] [0m[0munmatched Processing event for requestId None: None[0m
[0m[[0m[0mdebug[0m] [0m[0mEvaluating tasks: Compile / collectAnalyses[0m
[0m[[0m[0mdebug[0m] [0m[0mRunning task... Cancel: bloop.integrations.sbt.Offloader$$anon$1@c1a74d, check cycles: false, forcegc: true[0m
[0m[[0m[0mdebug[0m] [0m[0manalysis location (I:\try4Scala\target\scala-2.12\zinc\inc_compile_2.12.zip,true)[0m
[0m[[0m[32msuccess[0m] [0m[0mTotal time: 0 s, completed Jan 12, 2022, 12:07:34 PM[0m
[0m[[0m[0mdebug[0m] [0m[0munmatched Done event for requestId None: None[0m
[0m[[0m[0mdebug[0m] [0m[0m> Exec(shell, None, None)[0m
